{"total": {"lines":{"total":974,"covered":689,"skipped":0,"pct":70.73},"statements":{"total":1116,"covered":759,"skipped":0,"pct":68.01},"functions":{"total":254,"covered":164,"skipped":0,"pct":64.56},"branches":{"total":702,"covered":425,"skipped":0,"pct":60.54},"branchesTrue":{"total":0,"covered":0,"skipped":0,"pct":100}}
,"/home/victor/Área de trabalho/IFSC-2026.1/ENGENHARIA-DE-SOFTWARE-II/projeto-app_financeiro/app-financeiro-front-end/src/components/layout/LayoutAutenticacao.tsx": {"lines":{"total":2,"covered":2,"skipped":0,"pct":100},"functions":{"total":1,"covered":1,"skipped":0,"pct":100},"statements":{"total":2,"covered":2,"skipped":0,"pct":100},"branches":{"total":0,"covered":0,"skipped":0,"pct":100}}
,"/home/victor/Área de trabalho/IFSC-2026.1/ENGENHARIA-DE-SOFTWARE-II/projeto-app_financeiro/app-financeiro-front-end/src/components/layout/LayoutPrivado.tsx": {"lines":{"total":36,"covered":30,"skipped":0,"pct":83.33},"functions":{"total":13,"covered":6,"skipped":0,"pct":46.15},"statements":{"total":39,"covered":31,"skipped":0,"pct":79.48},"branches":{"total":24,"covered":17,"skipped":0,"pct":70.83}}
,"/home/victor/Área de trabalho/IFSC-2026.1/ENGENHARIA-DE-SOFTWARE-II/projeto-app_financeiro/app-financeiro-front-end/src/components/layout/PainelAutenticacao.tsx": {"lines":{"total":4,"covered":4,"skipped":0,"pct":100},"functions":{"total":3,"covered":3,"skipped":0,"pct":100},"statements":{"total":4,"covered":4,"skipped":0,"pct":100},"branches":{"total":0,"covered":0,"skipped":0,"pct":100}}
,"/home/victor/Área de trabalho/IFSC-2026.1/ENGENHARIA-DE-SOFTWARE-II/projeto-app_financeiro/app-financeiro-front-end/src/components/resumo/ResumoFormaPagamento.tsx": {"lines":{"total":28,"covered":28,"skipped":0,"pct":100},"functions":{"total":7,"covered":7,"skipped":0,"pct":100},"statements":{"total":31,"covered":29,"skipped":0,"pct":93.54},"branches":{"total":27,"covered":19,"skipped":0,"pct":70.37}}
,"/home/victor/Área de trabalho/IFSC-2026.1/ENGENHARIA-DE-SOFTWARE-II/projeto-app_financeiro/app-financeiro-front-end/src/components/resumo/ResumoFormaPagamentoPizza.tsx": {"lines":{"total":42,"covered":42,"skipped":0,"pct":100},"functions":{"total":12,"covered":12,"skipped":0,"pct":100},"statements":{"total":49,"covered":47,"skipped":0,"pct":95.91},"branches":{"total":22,"covered":18,"skipped":0,"pct":81.81}}
,"/home/victor/Área de trabalho/IFSC-2026.1/ENGENHARIA-DE-SOFTWARE-II/projeto-app_financeiro/app-financeiro-front-end/src/components/ui/BotaoCarregando.tsx": {"lines":{"total":2,"covered":2,"skipped":0,"pct":100},"functions":{"total":1,"covered":1,"skipped":0,"pct":100},"statements":{"total":2,"covered":2,"skipped":0,"pct":100},"branches":{"total":7,"covered":7,"skipped":0,"pct":100}}
,"/home/victor/Área de trabalho/IFSC-2026.1/ENGENHARIA-DE-SOFTWARE-II/projeto-app_financeiro/app-financeiro-front-end/src/components/ui/CampoFormulario.tsx": {"lines":{"total":3,"covered":3,"skipped":0,"pct":100},"functions":{"total":1,"covered":1,"skipped":0,"pct":100},"statements":{"total":3,"covered":3,"skipped":0,"pct":100},"branches":{"total":13,"covered":12,"skipped":0,"pct":92.3}}
,"/home/victor/Área de trabalho/IFSC-2026.1/ENGENHARIA-DE-SOFTWARE-II/projeto-app_financeiro/app-financeiro-front-end/src/components/ui/EstadoVazio.tsx": {"lines":{"total":2,"covered":2,"skipped":0,"pct":100},"functions":{"total":1,"covered":1,"skipped":0,"pct":100},"statements":{"total":2,"covered":2,"skipped":0,"pct":100},"branches":{"total":0,"covered":0,"skipped":0,"pct":100}}
,"/home/victor/Área de trabalho/IFSC-2026.1/ENGENHARIA-DE-SOFTWARE-II/projeto-app_financeiro/app-financeiro-front-end/src/components/ui/MensagemAlerta.tsx": {"lines":{"total":3,"covered":3,"skipped":0,"pct":100},"functions":{"total":1,"covered":1,"skipped":0,"pct":100},"statements":{"total":4,"covered":4,"skipped":0,"pct":100},"branches":{"total":3,"covered":3,"skipped":0,"pct":100}}
,"/home/victor/Área de trabalho/IFSC-2026.1/ENGENHARIA-DE-SOFTWARE-II/projeto-app_financeiro/app-financeiro-front-end/src/components/ui/PaginaEmConstrucao.tsx": {"lines":{"total":2,"covered":0,"skipped":0,"pct":0},"functions":{"total":1,"covered":0,"skipped":0,"pct":0},"statements":{"total":2,"covered":0,"skipped":0,"pct":0},"branches":{"total":0,"covered":0,"skipped":0,"pct":100}}
,"/home/victor/Área de trabalho/IFSC-2026.1/ENGENHARIA-DE-SOFTWARE-II/projeto-app_financeiro/app-financeiro-front-end/src/contexts/ContextoAutenticacao.tsx": {"lines":{"total":30,"covered":18,"skipped":0,"pct":60},"functions":{"total":11,"covered":5,"skipped":0,"pct":45.45},"statements":{"total":35,"covered":19,"skipped":0,"pct":54.28},"branches":{"total":8,"covered":2,"skipped":0,"pct":25}}
,"/home/victor/Área de trabalho/IFSC-2026.1/ENGENHARIA-DE-SOFTWARE-II/projeto-app_financeiro/app-financeiro-front-end/src/contexts/contextoAutenticacaoBase.ts": {"lines":{"total":1,"covered":1,"skipped":0,"pct":100},"functions":{"total":0,"covered":0,"skipped":0,"pct":100},"statements":{"total":1,"covered":1,"skipped":0,"pct":100},"branches":{"total":0,"covered":0,"skipped":0,"pct":100}}
,"/home/victor/Área de trabalho/IFSC-2026.1/ENGENHARIA-DE-SOFTWARE-II/projeto-app_financeiro/app-financeiro-front-end/src/contexts/tiposAutenticacao.ts": {"lines":{"total":0,"covered":0,"skipped":0,"pct":100},"functions":{"total":0,"covered":0,"skipped":0,"pct":100},"statements":{"total":0,"covered":0,"skipped":0,"pct":100},"branches":{"total":0,"covered":0,"skipped":0,"pct":100}}
,"/home/victor/Área de trabalho/IFSC-2026.1/ENGENHARIA-DE-SOFTWARE-II/projeto-app_financeiro/app-financeiro-front-end/src/hooks/useAutenticacao.ts": {"lines":{"total":5,"covered":4,"skipped":0,"pct":80},"functions":{"total":1,"covered":1,"skipped":0,"pct":100},"statements":{"total":5,"covered":4,"skipped":0,"pct":80},"branches":{"total":2,"covered":1,"skipped":0,"pct":50}}
,"/home/victor/Área de trabalho/IFSC-2026.1/ENGENHARIA-DE-SOFTWARE-II/projeto-app_financeiro/app-financeiro-front-end/src/hooks/useFormulario.ts": {"lines":{"total":18,"covered":17,"skipped":0,"pct":94.44},"functions":{"total":8,"covered":7,"skipped":0,"pct":87.5},"statements":{"total":23,"covered":20,"skipped":0,"pct":86.95},"branches":{"total":4,"covered":2,"skipped":0,"pct":50}}
,"/home/victor/Área de trabalho/IFSC-2026.1/ENGENHARIA-DE-SOFTWARE-II/projeto-app_financeiro/app-financeiro-front-end/src/pages/Cadastro.tsx": {"lines":{"total":36,"covered":34,"skipped":0,"pct":94.44},"functions":{"total":5,"covered":5,"skipped":0,"pct":100},"statements":{"total":49,"covered":43,"skipped":0,"pct":87.75},"branches":{"total":24,"covered":18,"skipped":0,"pct":75}}
,"/home/victor/Área de trabalho/IFSC-2026.1/ENGENHARIA-DE-SOFTWARE-II/projeto-app_financeiro/app-financeiro-front-end/src/pages/Categorias.tsx": {"lines":{"total":2,"covered":0,"skipped":0,"pct":0},"functions":{"total":1,"covered":0,"skipped":0,"pct":0},"statements":{"total":2,"covered":0,"skipped":0,"pct":0},"branches":{"total":0,"covered":0,"skipped":0,"pct":100}}
,"/home/victor/Área de trabalho/IFSC-2026.1/ENGENHARIA-DE-SOFTWARE-II/projeto-app_financeiro/app-financeiro-front-end/src/pages/Dashboard.tsx": {"lines":{"total":2,"covered":0,"skipped":0,"pct":0},"functions":{"total":1,"covered":0,"skipped":0,"pct":0},"statements":{"total":2,"covered":0,"skipped":0,"pct":0},"branches":{"total":0,"covered":0,"skipped":0,"pct":100}}
,"/home/victor/Área de trabalho/IFSC-2026.1/ENGENHARIA-DE-SOFTWARE-II/projeto-app_financeiro/app-financeiro-front-end/src/pages/EditarTransacao.tsx": {"lines":{"total":80,"covered":0,"skipped":0,"pct":0},"functions":{"total":19,"covered":0,"skipped":0,"pct":0},"statements":{"total":93,"covered":0,"skipped":0,"pct":0},"branches":{"total":87,"covered":0,"skipped":0,"pct":0}}
,"/home/victor/Área de trabalho/IFSC-2026.1/ENGENHARIA-DE-SOFTWARE-II/projeto-app_financeiro/app-financeiro-front-end/src/pages/ImportarExtrato.tsx": {"lines":{"total":143,"covered":106,"skipped":0,"pct":74.12},"functions":{"total":26,"covered":18,"skipped":0,"pct":69.23},"statements":{"total":162,"covered":118,"skipped":0,"pct":72.83},"branches":{"total":130,"covered":101,"skipped":0,"pct":77.69}}
,"/home/victor/Área de trabalho/IFSC-2026.1/ENGENHARIA-DE-SOFTWARE-II/projeto-app_financeiro/app-financeiro-front-end/src/pages/Login.tsx": {"lines":{"total":23,"covered":23,"skipped":0,"pct":100},"functions":{"total":3,"covered":3,"skipped":0,"pct":100},"statements":{"total":27,"covered":26,"skipped":0,"pct":96.29},"branches":{"total":8,"covered":7,"skipped":0,"pct":87.5}}
,"/home/victor/Área de trabalho/IFSC-2026.1/ENGENHARIA-DE-SOFTWARE-II/projeto-app_financeiro/app-financeiro-front-end/src/pages/NovaConta.tsx": {"lines":{"total":113,"covered":77,"skipped":0,"pct":68.14},"functions":{"total":24,"covered":15,"skipped":0,"pct":62.5},"statements":{"total":126,"covered":82,"skipped":0,"pct":65.07},"branches":{"total":78,"covered":43,"skipped":0,"pct":55.12}}
,"/home/victor/Área de trabalho/IFSC-2026.1/ENGENHARIA-DE-SOFTWARE-II/projeto-app_financeiro/app-financeiro-front-end/src/pages/NovaTransacao.tsx": {"lines":{"total":72,"covered":68,"skipped":0,"pct":94.44},"functions":{"total":18,"covered":18,"skipped":0,"pct":100},"statements":{"total":80,"covered":74,"skipped":0,"pct":92.5},"branches":{"total":69,"covered":54,"skipped":0,"pct":78.26}}
,"/home/victor/Área de trabalho/IFSC-2026.1/ENGENHARIA-DE-SOFTWARE-II/projeto-app_financeiro/app-financeiro-front-end/src/pages/Parcelamentos.tsx": {"lines":{"total":2,"covered":0,"skipped":0,"pct":0},"functions":{"total":1,"covered":0,"skipped":0,"pct":0},"statements":{"total":2,"covered":0,"skipped":0,"pct":0},"branches":{"total":0,"covered":0,"skipped":0,"pct":100}}
,"/home/victor/Área de trabalho/IFSC-2026.1/ENGENHARIA-DE-SOFTWARE-II/projeto-app_financeiro/app-financeiro-front-end/src/pages/PrimeiraConta.tsx": {"lines":{"total":39,"covered":39,"skipped":0,"pct":100},"functions":{"total":8,"covered":8,"skipped":0,"pct":100},"statements":{"total":42,"covered":42,"skipped":0,"pct":100},"branches":{"total":22,"covered":22,"skipped":0,"pct":100}}
,"/home/victor/Área de trabalho/IFSC-2026.1/ENGENHARIA-DE-SOFTWARE-II/projeto-app_financeiro/app-financeiro-front-end/src/pages/Transacoes.tsx": {"lines":{"total":130,"covered":105,"skipped":0,"pct":80.76},"functions":{"total":46,"covered":34,"skipped":0,"pct":73.91},"statements":{"total":147,"covered":113,"skipped":0,"pct":76.87},"branches":{"total":88,"covered":63,"skipped":0,"pct":71.59}}
,"/home/victor/Área de trabalho/IFSC-2026.1/ENGENHARIA-DE-SOFTWARE-II/projeto-app_financeiro/app-financeiro-front-end/src/routes/RotaPrivada.tsx": {"lines":{"total":8,"covered":0,"skipped":0,"pct":0},"functions":{"total":1,"covered":0,"skipped":0,"pct":0},"statements":{"total":8,"covered":0,"skipped":0,"pct":0},"branches":{"total":4,"covered":0,"skipped":0,"pct":0}}
,"/home/victor/Área de trabalho/IFSC-2026.1/ENGENHARIA-DE-SOFTWARE-II/projeto-app_financeiro/app-financeiro-front-end/src/routes/RotaPublica.tsx": {"lines":{"total":1,"covered":0,"skipped":0,"pct":0},"functions":{"total":1,"covered":0,"skipped":0,"pct":0},"statements":{"total":2,"covered":0,"skipped":0,"pct":0},"branches":{"total":0,"covered":0,"skipped":0,"pct":100}}
,"/home/victor/Área de trabalho/IFSC-2026.1/ENGENHARIA-DE-SOFTWARE-II/projeto-app_financeiro/app-financeiro-front-end/src/services/api.ts": {"lines":{"total":73,"covered":29,"skipped":0,"pct":39.72},"functions":{"total":22,"covered":5,"skipped":0,"pct":22.72},"statements":{"total":84,"covered":32,"skipped":0,"pct":38.09},"branches":{"total":33,"covered":11,"skipped":0,"pct":33.33}}
,"/home/victor/Área de trabalho/IFSC-2026.1/ENGENHARIA-DE-SOFTWARE-II/projeto-app_financeiro/app-financeiro-front-end/src/utils/authStorage.ts": {"lines":{"total":35,"covered":15,"skipped":0,"pct":42.85},"functions":{"total":8,"covered":3,"skipped":0,"pct":37.5},"statements":{"total":42,"covered":18,"skipped":0,"pct":42.85},"branches":{"total":18,"covered":4,"skipped":0,"pct":22.22}}
,"/home/victor/Área de trabalho/IFSC-2026.1/ENGENHARIA-DE-SOFTWARE-II/projeto-app_financeiro/app-financeiro-front-end/src/utils/contas.ts": {"lines":{"total":5,"covered":5,"skipped":0,"pct":100},"functions":{"total":1,"covered":1,"skipped":0,"pct":100},"statements":{"total":5,"covered":5,"skipped":0,"pct":100},"branches":{"total":8,"covered":4,"skipped":0,"pct":50}}
,"/home/victor/Área de trabalho/IFSC-2026.1/ENGENHARIA-DE-SOFTWARE-II/projeto-app_financeiro/app-financeiro-front-end/src/utils/cpf.ts": {"lines":{"total":16,"covered":16,"skipped":0,"pct":100},"functions":{"total":2,"covered":2,"skipped":0,"pct":100},"statements":{"total":21,"covered":20,"skipped":0,"pct":95.23},"branches":{"total":10,"covered":7,"skipped":0,"pct":70}}
,"/home/victor/Área de trabalho/IFSC-2026.1/ENGENHARIA-DE-SOFTWARE-II/projeto-app_financeiro/app-financeiro-front-end/src/utils/formatacao.ts": {"lines":{"total":7,"covered":7,"skipped":0,"pct":100},"functions":{"total":2,"covered":2,"skipped":0,"pct":100},"statements":{"total":9,"covered":7,"skipped":0,"pct":77.77},"branches":{"total":9,"covered":7,"skipped":0,"pct":77.77}}
,"/home/victor/Área de trabalho/IFSC-2026.1/ENGENHARIA-DE-SOFTWARE-II/projeto-app_financeiro/app-financeiro-front-end/src/utils/transacoes.ts": {"lines":{"total":9,"covered":9,"skipped":0,"pct":100},"functions":{"total":4,"covered":4,"skipped":0,"pct":100},"statements":{"total":11,"covered":11,"skipped":0,"pct":100},"branches":{"total":4,"covered":3,"skipped":0,"pct":75}}
}
